<?xml version="1.0" encoding="UTF-8"?>
<!-- Generated by org.testng.reporters.JUnitReportReporter -->
<testsuite hostname="Marko-PC" name="tests.fractions.UpdateFractionsNonExistingProfile" tests="1" failures="0" timestamp="4 Mar 2018 14:10:53 GMT" time="1.189" errors="0">
  <testcase name="updateFractionsForNonExistingProfile_errorIsThrown" time="1.189" classname="tests.fractions.UpdateFractionsNonExistingProfile"/>
</testsuite> <!-- tests.fractions.UpdateFractionsNonExistingProfile -->
