<?xml version="1.0" encoding="UTF-8"?>
<!-- Generated by org.testng.reporters.JUnitReportReporter -->
<testsuite hostname="Marko-PC" name="tests.fractions.GetFractionsForProfileTest" tests="1" failures="0" timestamp="5 Mar 2018 16:35:53 GMT" time="2.491" errors="0">
  <testcase name="getFractionsForProfile_allFractionsPresent" time="2.491" classname="tests.fractions.GetFractionsForProfileTest"/>
</testsuite> <!-- tests.fractions.GetFractionsForProfileTest -->
