<?xml version="1.0" encoding="UTF-8"?>
<!-- Generated by org.testng.reporters.JUnitReportReporter -->
<testsuite hostname="Marko-PC" name="tests.fractions.UpdateFractionsExistingProfileTest" tests="1" failures="0" timestamp="5 Mar 2018 16:35:53 GMT" time="0.248" errors="0">
  <testcase name="updateFractionsForExistingProfile_fractionsUpdated" time="0.248" classname="tests.fractions.UpdateFractionsExistingProfileTest"/>
</testsuite> <!-- tests.fractions.UpdateFractionsExistingProfileTest -->
