<?xml version="1.0" encoding="UTF-8"?>
<!-- Generated by org.testng.reporters.JUnitReportReporter -->
<testsuite hostname="Marko-PC" name="tests.fractions.IncompleteFractionDataMonthsTest" tests="1" failures="0" timestamp="5 Mar 2018 16:35:53 GMT" time="0.065" errors="0">
  <testcase name="addIncompleteDataForMonths_validationErrorThrown" time="0.065" classname="tests.fractions.IncompleteFractionDataMonthsTest"/>
</testsuite> <!-- tests.fractions.IncompleteFractionDataMonthsTest -->
