<?xml version="1.0" encoding="UTF-8"?>
<!-- Generated by org.testng.reporters.JUnitReportReporter -->
<testsuite hostname="Marko-PC" name="nl.powerhouse.powerhouse_energyconsumption_automation.FirstRestTest" tests="1" failures="0" timestamp="3 Mar 2018 16:08:57 GMT" time="2.049" errors="0">
  <testcase name="GetTest" time="2.049" classname="nl.powerhouse.powerhouse_energyconsumption_automation.FirstRestTest"/>
</testsuite> <!-- nl.powerhouse.powerhouse_energyconsumption_automation.FirstRestTest -->
