<?xml version="1.0" encoding="UTF-8"?>
<!-- Generated by org.testng.reporters.JUnitReportReporter -->
<testsuite hostname="Marko-PC" name="tests.fractions.AddInvalidFractionsTest" tests="1" failures="0" timestamp="5 Mar 2018 16:35:53 GMT" time="0.049" errors="0">
  <testcase name="addValidFractionsForProfile_FractionSumIsCorrect" time="0.049" classname="tests.fractions.AddInvalidFractionsTest"/>
</testsuite> <!-- tests.fractions.AddInvalidFractionsTest -->
