<?xml version="1.0" encoding="UTF-8"?>
<!-- Generated by org.testng.reporters.JUnitReportReporter -->
<testsuite hostname="Marko-PC" name="tests.AddValidFractionsTest" tests="1" failures="0" timestamp="4 Mar 2018 01:23:26 GMT" time="3.397" errors="0">
  <testcase name="addValidFractionsForProfile_FractionSumIsCorrect" time="3.397" classname="tests.AddValidFractionsTest"/>
</testsuite> <!-- tests.AddValidFractionsTest -->
