<?xml version="1.0" encoding="UTF-8"?>
<!-- Generated by org.testng.reporters.JUnitReportReporter -->
<testsuite hostname="Marko-PC" name="tests.meterreadings.GetMeterReadingsForProfile" tests="1" failures="0" timestamp="5 Mar 2018 17:57:29 GMT" time="2.221" errors="0">
  <testcase name="getMeterReadingsForProfile_meterReadingsRetrieved" time="2.221" classname="tests.meterreadings.GetMeterReadingsForProfile"/>
</testsuite> <!-- tests.meterreadings.GetMeterReadingsForProfile -->
