<?xml version="1.0" encoding="UTF-8"?>
<!-- Generated by org.testng.reporters.JUnitReportReporter -->
<testsuite hostname="Marko-PC" name="tests.fractions.AddValidFractionsTest" tests="1" failures="0" timestamp="5 Mar 2018 16:35:53 GMT" time="0.169" errors="0">
  <testcase name="addValidFractionsForProfile_FractionSumIsCorrect" time="0.169" classname="tests.fractions.AddValidFractionsTest"/>
</testsuite> <!-- tests.fractions.AddValidFractionsTest -->
