<?xml version="1.0" encoding="UTF-8"?>
<!-- Generated by org.testng.reporters.JUnitReportReporter -->
<testsuite hostname="Marko-PC" name="tests.fractions.GetFractionsForProfileTest" tests="1" failures="0" timestamp="5 Mar 2018 18:03:08 GMT" time="0.072" errors="0">
  <testcase name="getFractionsForProfile_allFractionsPresent" time="0.072" classname="tests.fractions.GetFractionsForProfileTest"/>
</testsuite> <!-- tests.fractions.GetFractionsForProfileTest -->
