<?xml version="1.0" encoding="UTF-8"?>
<!-- Generated by org.testng.reporters.JUnitReportReporter -->
<testsuite hostname="Marko-PC" name="tests.fractions.AddInvalidFractionsTest" tests="1" failures="0" timestamp="5 Mar 2018 18:03:08 GMT" time="1.784" errors="0">
  <testcase name="addValidFractionsForProfile_FractionSumIsCorrect" time="1.784" classname="tests.fractions.AddInvalidFractionsTest"/>
</testsuite> <!-- tests.fractions.AddInvalidFractionsTest -->
