<?xml version="1.0" encoding="UTF-8"?>
<!-- Generated by org.testng.reporters.JUnitReportReporter -->
<testsuite hostname="Marko-PC" name="tests.fractions.DeleteFractionsTest" tests="1" failures="0" timestamp="5 Mar 2018 18:03:08 GMT" time="0.105" errors="0">
  <testcase name="deleteFractionsForSpecificProfile_fractionsDeleted" time="0.105" classname="tests.fractions.DeleteFractionsTest"/>
</testsuite> <!-- tests.fractions.DeleteFractionsTest -->
