<?xml version="1.0" encoding="UTF-8"?>
<!-- Generated by org.testng.reporters.JUnitReportReporter -->
<testsuite hostname="Marko-PC" name="tests.fractions.UpdateFractionsNonExistingProfileTest" tests="1" failures="0" timestamp="5 Mar 2018 18:03:08 GMT" time="0.092" errors="0">
  <testcase name="updateFractionsForNonExistingProfile_errorIsThrown" time="0.092" classname="tests.fractions.UpdateFractionsNonExistingProfileTest"/>
</testsuite> <!-- tests.fractions.UpdateFractionsNonExistingProfileTest -->
