<?xml version="1.0" encoding="UTF-8"?>
<!-- Generated by org.testng.reporters.JUnitReportReporter -->
<testsuite hostname="Marko-PC" name="tests.meterreadings.DeleteMeterRaadingsForProfileTest" tests="1" failures="0" timestamp="5 Mar 2018 18:03:08 GMT" time="0.096" errors="0">
  <testcase name="deleteMeterReadingsForProfile_meterReadingsDeleted" time="0.096" classname="tests.meterreadings.DeleteMeterRaadingsForProfileTest"/>
</testsuite> <!-- tests.meterreadings.DeleteMeterRaadingsForProfileTest -->
