<?xml version="1.0" encoding="UTF-8"?>
<!-- Generated by org.testng.reporters.JUnitReportReporter -->
<testsuite hostname="Marko-PC" name="tests.meterreadings.GetMeterReadingsForProfile" tests="1" failures="0" timestamp="5 Mar 2018 17:58:00 GMT" time="0.104" errors="0">
  <testcase name="getMeterReadingsForProfile_meterReadingsRetrieved" time="0.104" classname="tests.meterreadings.GetMeterReadingsForProfile"/>
</testsuite> <!-- tests.meterreadings.GetMeterReadingsForProfile -->
