<?xml version="1.0" encoding="UTF-8"?>
<!-- Generated by org.testng.reporters.JUnitReportReporter -->
<testsuite hostname="Marko-PC" name="tests.meterreadings.GetMeterReadingsForProfileTest" tests="1" failures="0" timestamp="5 Mar 2018 18:03:08 GMT" time="0.105" errors="0">
  <testcase name="getMeterReadingsForProfile_meterReadingsRetrieved" time="0.105" classname="tests.meterreadings.GetMeterReadingsForProfileTest"/>
</testsuite> <!-- tests.meterreadings.GetMeterReadingsForProfileTest -->
